I, [2014-06-13T14:20:07.427008 #22690]  INFO -- : Started GET "/home/index" for 127.0.0.1 at 2014-06-13 14:20:07 +0800
F, [2014-06-13T14:20:07.443466 #22690] FATAL -- : 
ActionController::RoutingError (No route matches [GET] "/home/index"):
  actionpack (4.1.1) lib/action_dispatch/middleware/debug_exceptions.rb:21:in `call'
  actionpack (4.1.1) lib/action_dispatch/middleware/show_exceptions.rb:30:in `call'
  railties (4.1.1) lib/rails/rack/logger.rb:38:in `call_app'
  railties (4.1.1) lib/rails/rack/logger.rb:20:in `block in call'
  activesupport (4.1.1) lib/active_support/tagged_logging.rb:68:in `block in tagged'
  activesupport (4.1.1) lib/active_support/tagged_logging.rb:26:in `tagged'
  activesupport (4.1.1) lib/active_support/tagged_logging.rb:68:in `tagged'
  railties (4.1.1) lib/rails/rack/logger.rb:20:in `call'
  actionpack (4.1.1) lib/action_dispatch/middleware/request_id.rb:21:in `call'
  rack (1.5.2) lib/rack/methodoverride.rb:21:in `call'
  rack (1.5.2) lib/rack/runtime.rb:17:in `call'
  activesupport (4.1.1) lib/active_support/cache/strategy/local_cache_middleware.rb:26:in `call'
  rack (1.5.2) lib/rack/sendfile.rb:112:in `call'
  railties (4.1.1) lib/rails/engine.rb:514:in `call'
  railties (4.1.1) lib/rails/application.rb:144:in `call'
  rack (1.5.2) lib/rack/content_length.rb:14:in `call'
  thin (1.6.2) lib/thin/connection.rb:86:in `block in pre_process'
  thin (1.6.2) lib/thin/connection.rb:84:in `catch'
  thin (1.6.2) lib/thin/connection.rb:84:in `pre_process'
  thin (1.6.2) lib/thin/connection.rb:53:in `process'
  faye-websocket (0.7.3) lib/faye/adapters/thin.rb:40:in `process'
  thin (1.6.2) lib/thin/connection.rb:39:in `receive_data'
  faye-websocket (0.7.3) lib/faye/adapters/thin.rb:44:in `receive_data'
  eventmachine (1.0.3) lib/eventmachine.rb:187:in `run_machine'
  eventmachine (1.0.3) lib/eventmachine.rb:187:in `run'
  thin (1.6.2) lib/thin/backends/base.rb:73:in `start'
  thin (1.6.2) lib/thin/server.rb:162:in `start'
  rack (1.5.2) lib/rack/handler/thin.rb:16:in `run'
  rack (1.5.2) lib/rack/server.rb:264:in `start'
  railties (4.1.1) lib/rails/commands/server.rb:69:in `start'
  railties (4.1.1) lib/rails/commands/commands_tasks.rb:81:in `block in server'
  railties (4.1.1) lib/rails/commands/commands_tasks.rb:76:in `tap'
  railties (4.1.1) lib/rails/commands/commands_tasks.rb:76:in `server'
  railties (4.1.1) lib/rails/commands/commands_tasks.rb:40:in `run_command!'
  railties (4.1.1) lib/rails/commands.rb:17:in `<top (required)>'
  bin/rails:8:in `require'
  bin/rails:8:in `<top (required)>'
  spring (1.1.3) lib/spring/client/rails.rb:27:in `load'
  spring (1.1.3) lib/spring/client/rails.rb:27:in `call'
  spring (1.1.3) lib/spring/client/command.rb:7:in `call'
  spring (1.1.3) lib/spring/client.rb:26:in `run'
  spring (1.1.3) bin/spring:48:in `<top (required)>'
  spring (1.1.3) lib/spring/binstub.rb:11:in `load'
  spring (1.1.3) lib/spring/binstub.rb:11:in `<top (required)>'
  bin/spring:16:in `require'
  bin/spring:16:in `<top (required)>'
  bin/rails:3:in `load'
  bin/rails:3:in `<main>'


I, [2014-06-13T14:20:07.497378 #22690]  INFO -- : Started GET "/favicon.ico" for 127.0.0.1 at 2014-06-13 14:20:07 +0800
F, [2014-06-13T14:20:07.501474 #22690] FATAL -- : 
ActionController::RoutingError (No route matches [GET] "/favicon.ico"):
  actionpack (4.1.1) lib/action_dispatch/middleware/debug_exceptions.rb:21:in `call'
  actionpack (4.1.1) lib/action_dispatch/middleware/show_exceptions.rb:30:in `call'
  railties (4.1.1) lib/rails/rack/logger.rb:38:in `call_app'
  railties (4.1.1) lib/rails/rack/logger.rb:20:in `block in call'
  activesupport (4.1.1) lib/active_support/tagged_logging.rb:68:in `block in tagged'
  activesupport (4.1.1) lib/active_support/tagged_logging.rb:26:in `tagged'
  activesupport (4.1.1) lib/active_support/tagged_logging.rb:68:in `tagged'
  railties (4.1.1) lib/rails/rack/logger.rb:20:in `call'
  actionpack (4.1.1) lib/action_dispatch/middleware/request_id.rb:21:in `call'
  rack (1.5.2) lib/rack/methodoverride.rb:21:in `call'
  rack (1.5.2) lib/rack/runtime.rb:17:in `call'
  activesupport (4.1.1) lib/active_support/cache/strategy/local_cache_middleware.rb:26:in `call'
  rack (1.5.2) lib/rack/sendfile.rb:112:in `call'
  railties (4.1.1) lib/rails/engine.rb:514:in `call'
  railties (4.1.1) lib/rails/application.rb:144:in `call'
  rack (1.5.2) lib/rack/content_length.rb:14:in `call'
  thin (1.6.2) lib/thin/connection.rb:86:in `block in pre_process'
  thin (1.6.2) lib/thin/connection.rb:84:in `catch'
  thin (1.6.2) lib/thin/connection.rb:84:in `pre_process'
  thin (1.6.2) lib/thin/connection.rb:53:in `process'
  faye-websocket (0.7.3) lib/faye/adapters/thin.rb:40:in `process'
  thin (1.6.2) lib/thin/connection.rb:39:in `receive_data'
  faye-websocket (0.7.3) lib/faye/adapters/thin.rb:44:in `receive_data'
  eventmachine (1.0.3) lib/eventmachine.rb:187:in `run_machine'
  eventmachine (1.0.3) lib/eventmachine.rb:187:in `run'
  thin (1.6.2) lib/thin/backends/base.rb:73:in `start'
  thin (1.6.2) lib/thin/server.rb:162:in `start'
  rack (1.5.2) lib/rack/handler/thin.rb:16:in `run'
  rack (1.5.2) lib/rack/server.rb:264:in `start'
  railties (4.1.1) lib/rails/commands/server.rb:69:in `start'
  railties (4.1.1) lib/rails/commands/commands_tasks.rb:81:in `block in server'
  railties (4.1.1) lib/rails/commands/commands_tasks.rb:76:in `tap'
  railties (4.1.1) lib/rails/commands/commands_tasks.rb:76:in `server'
  railties (4.1.1) lib/rails/commands/commands_tasks.rb:40:in `run_command!'
  railties (4.1.1) lib/rails/commands.rb:17:in `<top (required)>'
  bin/rails:8:in `require'
  bin/rails:8:in `<top (required)>'
  spring (1.1.3) lib/spring/client/rails.rb:27:in `load'
  spring (1.1.3) lib/spring/client/rails.rb:27:in `call'
  spring (1.1.3) lib/spring/client/command.rb:7:in `call'
  spring (1.1.3) lib/spring/client.rb:26:in `run'
  spring (1.1.3) bin/spring:48:in `<top (required)>'
  spring (1.1.3) lib/spring/binstub.rb:11:in `load'
  spring (1.1.3) lib/spring/binstub.rb:11:in `<top (required)>'
  bin/spring:16:in `require'
  bin/spring:16:in `<top (required)>'
  bin/rails:3:in `load'
  bin/rails:3:in `<main>'


I, [2014-06-13T14:20:11.611719 #22690]  INFO -- : Started GET "/home/index" for 127.0.0.1 at 2014-06-13 14:20:11 +0800
F, [2014-06-13T14:20:11.616168 #22690] FATAL -- : 
ActionController::RoutingError (No route matches [GET] "/home/index"):
  actionpack (4.1.1) lib/action_dispatch/middleware/debug_exceptions.rb:21:in `call'
  actionpack (4.1.1) lib/action_dispatch/middleware/show_exceptions.rb:30:in `call'
  railties (4.1.1) lib/rails/rack/logger.rb:38:in `call_app'
  railties (4.1.1) lib/rails/rack/logger.rb:20:in `block in call'
  activesupport (4.1.1) lib/active_support/tagged_logging.rb:68:in `block in tagged'
  activesupport (4.1.1) lib/active_support/tagged_logging.rb:26:in `tagged'
  activesupport (4.1.1) lib/active_support/tagged_logging.rb:68:in `tagged'
  railties (4.1.1) lib/rails/rack/logger.rb:20:in `call'
  actionpack (4.1.1) lib/action_dispatch/middleware/request_id.rb:21:in `call'
  rack (1.5.2) lib/rack/methodoverride.rb:21:in `call'
  rack (1.5.2) lib/rack/runtime.rb:17:in `call'
  activesupport (4.1.1) lib/active_support/cache/strategy/local_cache_middleware.rb:26:in `call'
  rack (1.5.2) lib/rack/sendfile.rb:112:in `call'
  railties (4.1.1) lib/rails/engine.rb:514:in `call'
  railties (4.1.1) lib/rails/application.rb:144:in `call'
  rack (1.5.2) lib/rack/content_length.rb:14:in `call'
  thin (1.6.2) lib/thin/connection.rb:86:in `block in pre_process'
  thin (1.6.2) lib/thin/connection.rb:84:in `catch'
  thin (1.6.2) lib/thin/connection.rb:84:in `pre_process'
  thin (1.6.2) lib/thin/connection.rb:53:in `process'
  faye-websocket (0.7.3) lib/faye/adapters/thin.rb:40:in `process'
  thin (1.6.2) lib/thin/connection.rb:39:in `receive_data'
  faye-websocket (0.7.3) lib/faye/adapters/thin.rb:44:in `receive_data'
  eventmachine (1.0.3) lib/eventmachine.rb:187:in `run_machine'
  eventmachine (1.0.3) lib/eventmachine.rb:187:in `run'
  thin (1.6.2) lib/thin/backends/base.rb:73:in `start'
  thin (1.6.2) lib/thin/server.rb:162:in `start'
  rack (1.5.2) lib/rack/handler/thin.rb:16:in `run'
  rack (1.5.2) lib/rack/server.rb:264:in `start'
  railties (4.1.1) lib/rails/commands/server.rb:69:in `start'
  railties (4.1.1) lib/rails/commands/commands_tasks.rb:81:in `block in server'
  railties (4.1.1) lib/rails/commands/commands_tasks.rb:76:in `tap'
  railties (4.1.1) lib/rails/commands/commands_tasks.rb:76:in `server'
  railties (4.1.1) lib/rails/commands/commands_tasks.rb:40:in `run_command!'
  railties (4.1.1) lib/rails/commands.rb:17:in `<top (required)>'
  bin/rails:8:in `require'
  bin/rails:8:in `<top (required)>'
  spring (1.1.3) lib/spring/client/rails.rb:27:in `load'
  spring (1.1.3) lib/spring/client/rails.rb:27:in `call'
  spring (1.1.3) lib/spring/client/command.rb:7:in `call'
  spring (1.1.3) lib/spring/client.rb:26:in `run'
  spring (1.1.3) bin/spring:48:in `<top (required)>'
  spring (1.1.3) lib/spring/binstub.rb:11:in `load'
  spring (1.1.3) lib/spring/binstub.rb:11:in `<top (required)>'
  bin/spring:16:in `require'
  bin/spring:16:in `<top (required)>'
  bin/rails:3:in `load'
  bin/rails:3:in `<main>'


I, [2014-06-13T14:20:14.914596 #22690]  INFO -- : Started GET "/" for 127.0.0.1 at 2014-06-13 14:20:14 +0800
I, [2014-06-13T14:20:14.916353 #22690]  INFO -- : Processing by HomeController#index as HTML
I, [2014-06-13T14:20:14.942385 #22690]  INFO -- :   Rendered home/index.html.erb within layouts/application (0.8ms)
I, [2014-06-13T14:20:14.943729 #22690]  INFO -- : Completed 200 OK in 27ms (Views: 17.1ms | ActiveRecord: 0.0ms)
I, [2014-06-13T14:20:14.974711 #22690]  INFO -- : Started GET "/stylesheets/application.css" for 127.0.0.1 at 2014-06-13 14:20:14 +0800
F, [2014-06-13T14:20:14.978661 #22690] FATAL -- : 
ActionController::RoutingError (No route matches [GET] "/stylesheets/application.css"):
  actionpack (4.1.1) lib/action_dispatch/middleware/debug_exceptions.rb:21:in `call'
  actionpack (4.1.1) lib/action_dispatch/middleware/show_exceptions.rb:30:in `call'
  railties (4.1.1) lib/rails/rack/logger.rb:38:in `call_app'
  railties (4.1.1) lib/rails/rack/logger.rb:20:in `block in call'
  activesupport (4.1.1) lib/active_support/tagged_logging.rb:68:in `block in tagged'
  activesupport (4.1.1) lib/active_support/tagged_logging.rb:26:in `tagged'
  activesupport (4.1.1) lib/active_support/tagged_logging.rb:68:in `tagged'
  railties (4.1.1) lib/rails/rack/logger.rb:20:in `call'
  actionpack (4.1.1) lib/action_dispatch/middleware/request_id.rb:21:in `call'
  rack (1.5.2) lib/rack/methodoverride.rb:21:in `call'
  rack (1.5.2) lib/rack/runtime.rb:17:in `call'
  activesupport (4.1.1) lib/active_support/cache/strategy/local_cache_middleware.rb:26:in `call'
  rack (1.5.2) lib/rack/sendfile.rb:112:in `call'
  railties (4.1.1) lib/rails/engine.rb:514:in `call'
  railties (4.1.1) lib/rails/application.rb:144:in `call'
  rack (1.5.2) lib/rack/content_length.rb:14:in `call'
  thin (1.6.2) lib/thin/connection.rb:86:in `block in pre_process'
  thin (1.6.2) lib/thin/connection.rb:84:in `catch'
  thin (1.6.2) lib/thin/connection.rb:84:in `pre_process'
  thin (1.6.2) lib/thin/connection.rb:53:in `process'
  faye-websocket (0.7.3) lib/faye/adapters/thin.rb:40:in `process'
  thin (1.6.2) lib/thin/connection.rb:39:in `receive_data'
  faye-websocket (0.7.3) lib/faye/adapters/thin.rb:44:in `receive_data'
  eventmachine (1.0.3) lib/eventmachine.rb:187:in `run_machine'
  eventmachine (1.0.3) lib/eventmachine.rb:187:in `run'
  thin (1.6.2) lib/thin/backends/base.rb:73:in `start'
  thin (1.6.2) lib/thin/server.rb:162:in `start'
  rack (1.5.2) lib/rack/handler/thin.rb:16:in `run'
  rack (1.5.2) lib/rack/server.rb:264:in `start'
  railties (4.1.1) lib/rails/commands/server.rb:69:in `start'
  railties (4.1.1) lib/rails/commands/commands_tasks.rb:81:in `block in server'
  railties (4.1.1) lib/rails/commands/commands_tasks.rb:76:in `tap'
  railties (4.1.1) lib/rails/commands/commands_tasks.rb:76:in `server'
  railties (4.1.1) lib/rails/commands/commands_tasks.rb:40:in `run_command!'
  railties (4.1.1) lib/rails/commands.rb:17:in `<top (required)>'
  bin/rails:8:in `require'
  bin/rails:8:in `<top (required)>'
  spring (1.1.3) lib/spring/client/rails.rb:27:in `load'
  spring (1.1.3) lib/spring/client/rails.rb:27:in `call'
  spring (1.1.3) lib/spring/client/command.rb:7:in `call'
  spring (1.1.3) lib/spring/client.rb:26:in `run'
  spring (1.1.3) bin/spring:48:in `<top (required)>'
  spring (1.1.3) lib/spring/binstub.rb:11:in `load'
  spring (1.1.3) lib/spring/binstub.rb:11:in `<top (required)>'
  bin/spring:16:in `require'
  bin/spring:16:in `<top (required)>'
  bin/rails:3:in `load'
  bin/rails:3:in `<main>'


I, [2014-06-13T14:20:14.979941 #22690]  INFO -- : Started GET "/javascripts/application.js" for 127.0.0.1 at 2014-06-13 14:20:14 +0800
F, [2014-06-13T14:20:15.013813 #22690] FATAL -- : 
ActionController::RoutingError (No route matches [GET] "/javascripts/application.js"):
  actionpack (4.1.1) lib/action_dispatch/middleware/debug_exceptions.rb:21:in `call'
  actionpack (4.1.1) lib/action_dispatch/middleware/show_exceptions.rb:30:in `call'
  railties (4.1.1) lib/rails/rack/logger.rb:38:in `call_app'
  railties (4.1.1) lib/rails/rack/logger.rb:20:in `block in call'
  activesupport (4.1.1) lib/active_support/tagged_logging.rb:68:in `block in tagged'
  activesupport (4.1.1) lib/active_support/tagged_logging.rb:26:in `tagged'
  activesupport (4.1.1) lib/active_support/tagged_logging.rb:68:in `tagged'
  railties (4.1.1) lib/rails/rack/logger.rb:20:in `call'
  actionpack (4.1.1) lib/action_dispatch/middleware/request_id.rb:21:in `call'
  rack (1.5.2) lib/rack/methodoverride.rb:21:in `call'
  rack (1.5.2) lib/rack/runtime.rb:17:in `call'
  activesupport (4.1.1) lib/active_support/cache/strategy/local_cache_middleware.rb:26:in `call'
  rack (1.5.2) lib/rack/sendfile.rb:112:in `call'
  railties (4.1.1) lib/rails/engine.rb:514:in `call'
  railties (4.1.1) lib/rails/application.rb:144:in `call'
  rack (1.5.2) lib/rack/content_length.rb:14:in `call'
  thin (1.6.2) lib/thin/connection.rb:86:in `block in pre_process'
  thin (1.6.2) lib/thin/connection.rb:84:in `catch'
  thin (1.6.2) lib/thin/connection.rb:84:in `pre_process'
  thin (1.6.2) lib/thin/connection.rb:53:in `process'
  faye-websocket (0.7.3) lib/faye/adapters/thin.rb:40:in `process'
  thin (1.6.2) lib/thin/connection.rb:39:in `receive_data'
  faye-websocket (0.7.3) lib/faye/adapters/thin.rb:44:in `receive_data'
  eventmachine (1.0.3) lib/eventmachine.rb:187:in `run_machine'
  eventmachine (1.0.3) lib/eventmachine.rb:187:in `run'
  thin (1.6.2) lib/thin/backends/base.rb:73:in `start'
  thin (1.6.2) lib/thin/server.rb:162:in `start'
  rack (1.5.2) lib/rack/handler/thin.rb:16:in `run'
  rack (1.5.2) lib/rack/server.rb:264:in `start'
  railties (4.1.1) lib/rails/commands/server.rb:69:in `start'
  railties (4.1.1) lib/rails/commands/commands_tasks.rb:81:in `block in server'
  railties (4.1.1) lib/rails/commands/commands_tasks.rb:76:in `tap'
  railties (4.1.1) lib/rails/commands/commands_tasks.rb:76:in `server'
  railties (4.1.1) lib/rails/commands/commands_tasks.rb:40:in `run_command!'
  railties (4.1.1) lib/rails/commands.rb:17:in `<top (required)>'
  bin/rails:8:in `require'
  bin/rails:8:in `<top (required)>'
  spring (1.1.3) lib/spring/client/rails.rb:27:in `load'
  spring (1.1.3) lib/spring/client/rails.rb:27:in `call'
  spring (1.1.3) lib/spring/client/command.rb:7:in `call'
  spring (1.1.3) lib/spring/client.rb:26:in `run'
  spring (1.1.3) bin/spring:48:in `<top (required)>'
  spring (1.1.3) lib/spring/binstub.rb:11:in `load'
  spring (1.1.3) lib/spring/binstub.rb:11:in `<top (required)>'
  bin/spring:16:in `require'
  bin/spring:16:in `<top (required)>'
  bin/rails:3:in `load'
  bin/rails:3:in `<main>'


I, [2014-06-13T14:20:17.271818 #22690]  INFO -- : Started GET "/home/send_mail" for 127.0.0.1 at 2014-06-13 14:20:17 +0800
I, [2014-06-13T14:20:17.273285 #22690]  INFO -- : Processing by HomeController#send_mail as HTML
I, [2014-06-13T14:20:17.275782 #22690]  INFO -- : Completed 500 Internal Server Error in 2ms
F, [2014-06-13T14:20:17.278974 #22690] FATAL -- : 
ArgumentError (wrong number of arguments (1 for 2)):
  app/mailers/test_mailer.rb:4:in `mymail'
  app/controllers/home_controller.rb:6:in `send_mail'


I, [2014-06-13T14:20:25.468525 #22690]  INFO -- : Started GET "/home/send_mail" for 127.0.0.1 at 2014-06-13 14:20:25 +0800
I, [2014-06-13T14:20:25.469670 #22690]  INFO -- : Processing by HomeController#send_mail as HTML
I, [2014-06-13T14:20:25.471497 #22690]  INFO -- : Completed 500 Internal Server Error in 2ms
F, [2014-06-13T14:20:25.474114 #22690] FATAL -- : 
ArgumentError (wrong number of arguments (1 for 2)):
  app/mailers/test_mailer.rb:4:in `mymail'
  app/controllers/home_controller.rb:6:in `send_mail'


I, [2014-06-13T14:21:24.269568 #22699]  INFO -- : Started GET "/home/send_mail" for 127.0.0.1 at 2014-06-13 14:21:24 +0800
I, [2014-06-13T14:21:24.279811 #22699]  INFO -- : Processing by HomeController#send_mail as HTML
I, [2014-06-13T14:21:24.290505 #22699]  INFO -- : Completed 500 Internal Server Error in 10ms
F, [2014-06-13T14:21:24.292722 #22699] FATAL -- : 
ArgumentError (wrong number of arguments (1 for 2)):
  app/mailers/test_mailer.rb:4:in `mymail'
  app/controllers/home_controller.rb:7:in `send_mail'


I, [2014-06-13T14:21:27.467796 #22699]  INFO -- : Started GET "/home/send_mail" for 127.0.0.1 at 2014-06-13 14:21:27 +0800
I, [2014-06-13T14:21:27.469403 #22699]  INFO -- : Processing by HomeController#send_mail as HTML
I, [2014-06-13T14:21:27.471143 #22699]  INFO -- : Completed 500 Internal Server Error in 2ms
F, [2014-06-13T14:21:27.474861 #22699] FATAL -- : 
ArgumentError (wrong number of arguments (1 for 2)):
  app/mailers/test_mailer.rb:4:in `mymail'
  app/controllers/home_controller.rb:7:in `send_mail'


I, [2014-06-13T14:22:12.773984 #22705]  INFO -- : Started GET "/home/send_mail" for 127.0.0.1 at 2014-06-13 14:22:12 +0800
I, [2014-06-13T14:22:12.783018 #22705]  INFO -- : Processing by HomeController#send_mail as HTML
I, [2014-06-13T14:22:12.872482 #22705]  INFO -- :   Rendered test_mailer/mymail.html.erb (0.5ms)
I, [2014-06-13T14:22:12.897544 #22705]  INFO -- : 
Sent mail to 287546629@qq.com (21.4ms)
I, [2014-06-13T14:22:12.897810 #22705]  INFO -- : Completed 500 Internal Server Error in 115ms
F, [2014-06-13T14:22:12.899992 #22705] FATAL -- : 
Errno::ECONNREFUSED (Connection refused - connect(2)):
  app/controllers/home_controller.rb:8:in `send_mail'


I, [2014-06-13T14:22:25.632007 #22705]  INFO -- : Started GET "/home/send_mail" for 127.0.0.1 at 2014-06-13 14:22:25 +0800
I, [2014-06-13T14:22:25.633940 #22705]  INFO -- : Processing by HomeController#send_mail as HTML
I, [2014-06-13T14:22:25.642910 #22705]  INFO -- :   Rendered test_mailer/mymail.html.erb (0.1ms)
I, [2014-06-13T14:22:25.653051 #22705]  INFO -- : 
Sent mail to 287546629@qq.com (8.7ms)
I, [2014-06-13T14:22:25.653340 #22705]  INFO -- : Completed 500 Internal Server Error in 19ms
F, [2014-06-13T14:22:25.655720 #22705] FATAL -- : 
Errno::ECONNREFUSED (Connection refused - connect(2)):
  app/controllers/home_controller.rb:8:in `send_mail'


I, [2014-06-13T14:23:57.167818 #22713]  INFO -- : Started GET "/home/send_mail" for 127.0.0.1 at 2014-06-13 14:23:57 +0800
I, [2014-06-13T14:23:57.177527 #22713]  INFO -- : Processing by HomeController#send_mail as HTML
I, [2014-06-13T14:23:57.232649 #22713]  INFO -- :   Rendered test_mailer/mymail.html.erb (0.5ms)
I, [2014-06-13T14:23:57.251416 #22713]  INFO -- : 
Sent mail to 287546629@qq.com (14.3ms)
I, [2014-06-13T14:23:57.251736 #22713]  INFO -- : Completed 500 Internal Server Error in 74ms
F, [2014-06-13T14:23:57.255288 #22713] FATAL -- : 
Errno::ECONNREFUSED (Connection refused - connect(2)):
  app/controllers/home_controller.rb:9:in `send_mail'


