# Logfile created on 2014-06-06 15:54:41 +0800 by logger.rb/44203
I [2014-06-06 15:54:41.462] [[32mConnectionManager[0m] Connection opened: #<Connection::3d934593a6968be80a12>
I [2014-06-06 15:56:31.703] [[32mConnectionManager[0m] Connection closed: #<Connection::3d934593a6968be80a12>
I [2014-06-06 15:56:31.809] [[32mConnectionManager[0m] Connection opened: #<Connection::032606463335b9425a37>
I [2014-06-06 16:04:55.892] [[32mConnectionManager[0m] Connection closed: #<Connection::032606463335b9425a37>
I [2014-06-06 16:04:56.501] [[32mConnectionManager[0m] Connection opened: #<Connection::9fd50b18af119aff9aa3>
I [2014-06-06 16:04:58.767] [[32mConnectionManager[0m] Connection opened: #<Connection::680217ccfeed4ebecb43>
I [2014-06-06 16:05:01.788] [[32mConnectionManager[0m] Connection closed: #<Connection::680217ccfeed4ebecb43>
I [2014-06-06 16:34:32.440] [[32mConnectionManager[0m] Connection closed: #<Connection::9fd50b18af119aff9aa3>
I [2014-06-06 16:34:32.765] [[32mConnectionManager[0m] Connection opened: #<Connection::7fe0d6e25689dc80a799>
I [2014-06-06 16:34:40.606] [[32mConnectionManager[0m] Connection opened: #<Connection::8386e51fadde5e896d38>
I [2014-06-06 16:34:43.988] [[32mConnectionManager[0m] Connection closed: #<Connection::8386e51fadde5e896d38>
I [2014-06-06 16:36:03.479] [[32mConnectionManager[0m] Connection closed: #<Connection::7fe0d6e25689dc80a799>
I [2014-06-06 16:36:03.658] [[32mConnectionManager[0m] Connection opened: #<Connection::205453f50da9f56cc6cd>
I [2014-06-06 16:36:03.673] [[32mChannel[0m] #<Connection::205453f50da9f56cc6cd> subscribed to channel messages
I [2014-06-06 16:36:03.673] [[32mChannel[0m] sending token
I [2014-06-06 16:36:06.567] [[32mConnectionManager[0m] Connection opened: #<Connection::b9fcec4f4b9667e3611b>
I [2014-06-06 16:36:09.506] [[32mChannel[0m] [messages] {"id"=>3, "content"=>"gjhksdfsga", "created_at"=>Fri, 06 Jun 2014 08:36:09 UTC +00:00, "updated_at"=>Fri, 06 Jun 2014 08:36:09 UTC +00:00}
I [2014-06-06 16:36:09.554] [[32mConnectionManager[0m] Connection closed: #<Connection::b9fcec4f4b9667e3611b>
I [2014-06-06 16:36:09.636] [[32mConnectionManager[0m] Connection opened: #<Connection::2b8c2217f9097eedba56>
I [2014-06-06 16:36:09.647] [[32mChannel[0m] #<Connection::2b8c2217f9097eedba56> subscribed to channel messages
I [2014-06-06 16:36:09.647] [[32mChannel[0m] sending token
I [2014-06-06 16:40:16.223] [[32mChannel[0m] #<Connection::205453f50da9f56cc6cd> unsubscribed from channel messages
I [2014-06-06 16:40:16.224] [[32mConnectionManager[0m] Connection closed: #<Connection::205453f50da9f56cc6cd>
I [2014-06-06 16:40:16.351] [[32mConnectionManager[0m] Connection opened: #<Connection::e78117f17699d237e1e5>
I [2014-06-06 16:40:16.370] [[32mChannel[0m] #<Connection::e78117f17699d237e1e5> subscribed to channel messages
I [2014-06-06 16:40:16.371] [[32mChannel[0m] sending token
I [2014-06-06 16:45:22.676] [[32mChannel[0m] #<Connection::e78117f17699d237e1e5> unsubscribed from channel messages
I [2014-06-06 16:45:22.696] [[32mConnectionManager[0m] Connection closed: #<Connection::e78117f17699d237e1e5>
I [2014-06-06 16:45:22.807] [[32mConnectionManager[0m] Connection opened: #<Connection::839664e744f235feb378>
I [2014-06-06 16:45:22.825] [[32mChannel[0m] #<Connection::839664e744f235feb378> subscribed to channel messages
I [2014-06-06 16:45:22.826] [[32mChannel[0m] sending token
I [2014-06-06 16:45:25.673] [[32mChannel[0m] #<Connection::2b8c2217f9097eedba56> unsubscribed from channel messages
I [2014-06-06 16:45:25.674] [[32mConnectionManager[0m] Connection closed: #<Connection::2b8c2217f9097eedba56>
I [2014-06-06 16:45:25.742] [[32mConnectionManager[0m] Connection opened: #<Connection::6c3216e679d98b633f7b>
I [2014-06-06 16:45:25.757] [[32mChannel[0m] #<Connection::6c3216e679d98b633f7b> subscribed to channel messages
I [2014-06-06 16:45:25.758] [[32mChannel[0m] sending token
I [2014-06-06 16:45:31.507] [[32mChannel[0m] [messages] {"id"=>4, "content"=>"gjhksdfsgasdfsdads", "created_at"=>Fri, 06 Jun 2014 08:45:31 UTC +00:00, "updated_at"=>Fri, 06 Jun 2014 08:45:31 UTC +00:00}
I [2014-06-06 16:45:31.564] [[32mChannel[0m] #<Connection::6c3216e679d98b633f7b> unsubscribed from channel messages
I [2014-06-06 16:45:31.565] [[32mConnectionManager[0m] Connection closed: #<Connection::6c3216e679d98b633f7b>
I [2014-06-06 16:45:31.651] [[32mConnectionManager[0m] Connection opened: #<Connection::e1bac9de8ca0df45aa9a>
I [2014-06-06 16:45:31.663] [[32mChannel[0m] #<Connection::e1bac9de8ca0df45aa9a> subscribed to channel messages
I [2014-06-06 16:45:31.663] [[32mChannel[0m] sending token
I [2014-06-06 16:50:12.320] [[32mChannel[0m] #<Connection::839664e744f235feb378> unsubscribed from channel messages
I [2014-06-06 16:50:12.340] [[32mConnectionManager[0m] Connection closed: #<Connection::839664e744f235feb378>
I [2014-06-06 16:50:12.477] [[32mConnectionManager[0m] Connection opened: #<Connection::54938f6d5aa458142525>
I [2014-06-06 16:50:12.487] [[32mChannel[0m] #<Connection::54938f6d5aa458142525> subscribed to channel messages
I [2014-06-06 16:50:12.487] [[32mChannel[0m] sending token
I [2014-06-06 16:50:59.341] [[32mChannel[0m] #<Connection::54938f6d5aa458142525> unsubscribed from channel messages
I [2014-06-06 16:50:59.352] [[32mConnectionManager[0m] Connection closed: #<Connection::54938f6d5aa458142525>
I [2014-06-06 16:50:59.489] [[32mConnectionManager[0m] Connection opened: #<Connection::5a6b8be65a397f0d2b88>
I [2014-06-06 16:50:59.502] [[32mChannel[0m] #<Connection::5a6b8be65a397f0d2b88> subscribed to channel messages
I [2014-06-06 16:50:59.502] [[32mChannel[0m] sending token
I [2014-06-06 17:13:25.514] [[32mChannel[0m] #<Connection::e1bac9de8ca0df45aa9a> unsubscribed from channel messages
I [2014-06-06 17:13:25.528] [[32mConnectionManager[0m] Connection closed: #<Connection::e1bac9de8ca0df45aa9a>
I [2014-06-06 17:13:25.592] [[32mConnectionManager[0m] Connection opened: #<Connection::c53ddec80c6ce51ae089>
I [2014-06-06 17:13:25.595] [[32mChannel[0m] #<Connection::c53ddec80c6ce51ae089> subscribed to channel messages
I [2014-06-06 17:13:25.595] [[32mChannel[0m] sending token
I [2014-06-06 17:13:29.288] [[32mChannel[0m] [messages] {"id"=>5, "content"=>"shggj", "created_at"=>Fri, 06 Jun 2014 09:13:29 UTC +00:00, "updated_at"=>Fri, 06 Jun 2014 09:13:29 UTC +00:00}
I [2014-06-06 17:13:29.707] [[32mChannel[0m] #<Connection::c53ddec80c6ce51ae089> unsubscribed from channel messages
I [2014-06-06 17:13:29.707] [[32mConnectionManager[0m] Connection closed: #<Connection::c53ddec80c6ce51ae089>
I [2014-06-06 17:13:29.807] [[32mConnectionManager[0m] Connection opened: #<Connection::fb21a8bcbc270731ced0>
I [2014-06-06 17:13:29.818] [[32mChannel[0m] #<Connection::fb21a8bcbc270731ced0> subscribed to channel messages
I [2014-06-06 17:13:29.818] [[32mChannel[0m] sending token
I [2014-06-06 17:32:53.943] [[32mChannel[0m] #<Connection::5a6b8be65a397f0d2b88> unsubscribed from channel messages
I [2014-06-06 17:32:53.972] [[32mConnectionManager[0m] Connection closed: #<Connection::5a6b8be65a397f0d2b88>
I [2014-06-06 17:33:29.653] [[32mConnectionManager[0m] Connection opened: #<Connection::e10a1ab9c284204c91f3>
I [2014-06-06 17:33:29.671] [[32mChannel[0m] #<Connection::e10a1ab9c284204c91f3> subscribed to channel messages
I [2014-06-06 17:33:29.671] [[32mChannel[0m] sending token
I [2014-06-06 17:33:46.249] [[32mChannel[0m] #<Connection::fb21a8bcbc270731ced0> unsubscribed from channel messages
I [2014-06-06 17:33:46.261] [[32mConnectionManager[0m] Connection closed: #<Connection::fb21a8bcbc270731ced0>
I [2014-06-06 17:33:54.651] [[32mConnectionManager[0m] Connection opened: #<Connection::e51dc0d91b6cda760c9d>
I [2014-06-06 17:33:54.721] [[32mChannel[0m] #<Connection::e51dc0d91b6cda760c9d> subscribed to channel messages
I [2014-06-06 17:33:54.721] [[32mChannel[0m] sending token
I [2014-06-06 17:33:57.188] [[32mChannel[0m] #<Connection::e51dc0d91b6cda760c9d> unsubscribed from channel messages
I [2014-06-06 17:33:57.189] [[32mConnectionManager[0m] Connection closed: #<Connection::e51dc0d91b6cda760c9d>
I [2014-06-06 17:33:57.275] [[32mConnectionManager[0m] Connection opened: #<Connection::b52aaf54c716b4432df7>
I [2014-06-06 17:33:57.279] [[32mChannel[0m] #<Connection::b52aaf54c716b4432df7> subscribed to channel messages
I [2014-06-06 17:33:57.279] [[32mChannel[0m] sending token
I [2014-06-06 17:34:02.225] [[32mChannel[0m] [messages] {"id"=>6, "content"=>"asdfdsf", "created_at"=>Fri, 06 Jun 2014 09:34:02 UTC +00:00, "updated_at"=>Fri, 06 Jun 2014 09:34:02 UTC +00:00}
I [2014-06-06 17:34:02.255] [[32mChannel[0m] #<Connection::b52aaf54c716b4432df7> unsubscribed from channel messages
I [2014-06-06 17:34:02.255] [[32mConnectionManager[0m] Connection closed: #<Connection::b52aaf54c716b4432df7>
I [2014-06-06 17:34:02.326] [[32mConnectionManager[0m] Connection opened: #<Connection::2ee0d8fc5a80cf2eb993>
I [2014-06-06 17:34:02.328] [[32mChannel[0m] #<Connection::2ee0d8fc5a80cf2eb993> subscribed to channel messages
I [2014-06-06 17:34:02.328] [[32mChannel[0m] sending token
I [2014-06-06 17:34:09.289] [[32mChannel[0m] #<Connection::2ee0d8fc5a80cf2eb993> unsubscribed from channel messages
I [2014-06-06 17:34:09.289] [[32mConnectionManager[0m] Connection closed: #<Connection::2ee0d8fc5a80cf2eb993>
I [2014-06-06 17:34:09.338] [[32mConnectionManager[0m] Connection opened: #<Connection::18c1ddd41b2526ec6adb>
I [2014-06-06 17:34:09.342] [[32mChannel[0m] #<Connection::18c1ddd41b2526ec6adb> subscribed to channel messages
I [2014-06-06 17:34:09.342] [[32mChannel[0m] sending token
I [2014-06-06 17:34:11.377] [[32mChannel[0m] [messages] {"id"=>7, "content"=>"asdfdsfhgj", "created_at"=>Fri, 06 Jun 2014 09:34:11 UTC +00:00, "updated_at"=>Fri, 06 Jun 2014 09:34:11 UTC +00:00}
I [2014-06-06 17:34:11.401] [[32mChannel[0m] #<Connection::18c1ddd41b2526ec6adb> unsubscribed from channel messages
I [2014-06-06 17:34:11.401] [[32mConnectionManager[0m] Connection closed: #<Connection::18c1ddd41b2526ec6adb>
I [2014-06-06 17:34:11.461] [[32mConnectionManager[0m] Connection opened: #<Connection::97112064f89a71bec574>
I [2014-06-06 17:34:11.474] [[32mChannel[0m] #<Connection::97112064f89a71bec574> subscribed to channel messages
I [2014-06-06 17:34:11.475] [[32mChannel[0m] sending token
I [2014-06-06 17:35:04.158] [[32mChannel[0m] #<Connection::e10a1ab9c284204c91f3> unsubscribed from channel messages
I [2014-06-06 17:35:04.158] [[32mConnectionManager[0m] Connection closed: #<Connection::e10a1ab9c284204c91f3>
I [2014-06-06 17:35:04.282] [[32mConnectionManager[0m] Connection opened: #<Connection::8ae1d3a13c796c2e5b89>
I [2014-06-06 17:35:04.292] [[32mChannel[0m] #<Connection::8ae1d3a13c796c2e5b89> subscribed to channel messages
I [2014-06-06 17:35:04.292] [[32mChannel[0m] sending token
I [2014-06-06 17:35:07.771] [[32mChannel[0m] #<Connection::97112064f89a71bec574> unsubscribed from channel messages
I [2014-06-06 17:35:07.771] [[32mConnectionManager[0m] Connection closed: #<Connection::97112064f89a71bec574>
I [2014-06-06 17:35:07.844] [[32mConnectionManager[0m] Connection opened: #<Connection::3cd3409f09f1f6ca038a>
I [2014-06-06 17:35:07.862] [[32mChannel[0m] #<Connection::3cd3409f09f1f6ca038a> subscribed to channel messages
I [2014-06-06 17:35:07.862] [[32mChannel[0m] sending token
I [2014-06-06 17:35:09.795] [[32mChannel[0m] [messages] {"id"=>8, "content"=>"11111", "created_at"=>Fri, 06 Jun 2014 09:35:09 UTC +00:00, "updated_at"=>Fri, 06 Jun 2014 09:35:09 UTC +00:00}
I [2014-06-06 17:35:09.819] [[32mChannel[0m] #<Connection::3cd3409f09f1f6ca038a> unsubscribed from channel messages
I [2014-06-06 17:35:09.819] [[32mConnectionManager[0m] Connection closed: #<Connection::3cd3409f09f1f6ca038a>
I [2014-06-06 17:35:09.874] [[32mConnectionManager[0m] Connection opened: #<Connection::d7b198173395c3ea193c>
I [2014-06-06 17:35:09.885] [[32mChannel[0m] #<Connection::d7b198173395c3ea193c> subscribed to channel messages
I [2014-06-06 17:35:09.885] [[32mChannel[0m] sending token
I [2014-06-10 13:55:22.221] [[32mChannel[0m] #<Connection::d7b198173395c3ea193c> unsubscribed from channel messages
I [2014-06-10 13:55:22.266] [[32mConnectionManager[0m] Connection closed: #<Connection::d7b198173395c3ea193c>
I [2014-06-10 13:55:22.440] [[32mConnectionManager[0m] Connection opened: #<Connection::ee4b3771444b7c353004>
I [2014-06-10 13:55:22.444] [[32mChannel[0m] #<Connection::ee4b3771444b7c353004> subscribed to channel messages
I [2014-06-10 13:55:22.444] [[32mChannel[0m] sending token
I [2014-06-10 13:55:27.850] [[32mChannel[0m] [messages] {"id"=>9, "content"=>"ner message", "created_at"=>Tue, 10 Jun 2014 05:55:27 UTC +00:00, "updated_at"=>Tue, 10 Jun 2014 05:55:27 UTC +00:00}
I [2014-06-10 13:55:27.925] [[32mChannel[0m] #<Connection::ee4b3771444b7c353004> unsubscribed from channel messages
I [2014-06-10 13:55:27.925] [[32mConnectionManager[0m] Connection closed: #<Connection::ee4b3771444b7c353004>
I [2014-06-10 13:55:27.989] [[32mConnectionManager[0m] Connection opened: #<Connection::c023223f2719c5b70680>
I [2014-06-10 13:55:27.991] [[32mChannel[0m] #<Connection::c023223f2719c5b70680> subscribed to channel messages
I [2014-06-10 13:55:27.991] [[32mChannel[0m] sending token
I [2014-06-10 14:35:51.968] [[32mChannel[0m] #<Connection::8ae1d3a13c796c2e5b89> unsubscribed from channel messages
I [2014-06-10 14:35:51.981] [[32mConnectionManager[0m] Connection closed: #<Connection::8ae1d3a13c796c2e5b89>
I [2014-06-10 14:35:51.981] [[32mChannel[0m] #<Connection::c023223f2719c5b70680> unsubscribed from channel messages
I [2014-06-10 14:35:51.981] [[32mConnectionManager[0m] Connection closed: #<Connection::c023223f2719c5b70680>
I [2014-06-13 14:33:15.729] [[32mConnectionManager[0m] Connection opened: #<Connection::3eee693a414d20daec5c>
I [2014-06-13 14:33:15.741] [[32mChannel[0m] #<Connection::3eee693a414d20daec5c> subscribed to channel messages
I [2014-06-13 14:33:15.741] [[32mChannel[0m] sending token
I [2014-06-13 14:33:19.721] [[32mChannel[0m] #<Connection::3eee693a414d20daec5c> unsubscribed from channel messages
I [2014-06-13 14:33:19.721] [[32mConnectionManager[0m] Connection closed: #<Connection::3eee693a414d20daec5c>
I [2014-06-19 13:36:49.739] [[32mSynchronization[0m] Server Registered: ZWBLJVi0XlONUrs_54oShQ
I [2014-06-19 13:37:03.609] [[32mConnectionManager[0m] Connection opened: #<Connection::f40b3f087e3fd364b0bf>
I [2014-06-19 13:37:03.670] [[32mChannel[0m] #<Connection::f40b3f087e3fd364b0bf> subscribed to channel messages
I [2014-06-19 13:37:03.856] [[32mChannel[0m] sending token
I [2014-06-19 13:37:07.909] [[32mChannel[0m] #<Connection::f40b3f087e3fd364b0bf> unsubscribed from channel messages
I [2014-06-19 13:37:07.909] [[32mConnectionManager[0m] Connection closed: #<Connection::f40b3f087e3fd364b0bf>
I [2014-06-19 13:37:07.997] [[32mConnectionManager[0m] Connection opened: #<Connection::ac42beec9e62623e6c39>
I [2014-06-19 13:37:08.355] [[32mChannel[0m] #<Connection::ac42beec9e62623e6c39> subscribed to channel messages
I [2014-06-19 13:37:08.376] [[32mChannel[0m] sending token
I [2014-06-19 13:37:09.284] [[32mChannel[0m] #<Connection::ac42beec9e62623e6c39> unsubscribed from channel messages
I [2014-06-19 13:37:09.284] [[32mConnectionManager[0m] Connection closed: #<Connection::ac42beec9e62623e6c39>
I [2014-06-19 13:37:09.339] [[32mConnectionManager[0m] Connection opened: #<Connection::e6f53cc6e0413a284263>
I [2014-06-19 13:37:09.355] [[32mChannel[0m] #<Connection::e6f53cc6e0413a284263> subscribed to channel messages
I [2014-06-19 13:37:09.355] [[32mChannel[0m] sending token
I [2014-06-19 13:38:17.992] [[32mChannel[0m] #<Connection::e6f53cc6e0413a284263> unsubscribed from channel messages
I [2014-06-19 13:38:17.998] [[32mConnectionManager[0m] Connection closed: #<Connection::e6f53cc6e0413a284263>
I [2014-06-19 13:38:18.922] [[32mConnectionManager[0m] Connection opened: #<Connection::4d16063365f2c05fd6dd>
I [2014-06-19 13:38:18.963] [[32mChannel[0m] #<Connection::4d16063365f2c05fd6dd> subscribed to channel messages
I [2014-06-19 13:38:18.964] [[32mChannel[0m] sending token
I [2014-06-19 14:20:12.949] [[32mChannel[0m] #<Connection::4d16063365f2c05fd6dd> unsubscribed from channel messages
I [2014-06-19 14:20:12.949] [[32mConnectionManager[0m] Connection closed: #<Connection::4d16063365f2c05fd6dd>
I [2014-06-19 14:20:13.405] [[32mConnectionManager[0m] Connection opened: #<Connection::40f3a42f01106987d883>
I [2014-06-19 14:20:13.461] [[32mChannel[0m] #<Connection::40f3a42f01106987d883> subscribed to channel messages
I [2014-06-19 14:20:13.463] [[32mChannel[0m] sending token
I [2014-06-19 14:23:06.587] [[32mChannel[0m] #<Connection::40f3a42f01106987d883> unsubscribed from channel messages
I [2014-06-19 14:23:06.587] [[32mConnectionManager[0m] Connection closed: #<Connection::40f3a42f01106987d883>
I [2014-06-19 14:23:06.707] [[32mConnectionManager[0m] Connection opened: #<Connection::1d1ac5468b028767e39b>
I [2014-06-19 14:23:06.712] [[32mChannel[0m] #<Connection::1d1ac5468b028767e39b> subscribed to channel messages
I [2014-06-19 14:23:06.712] [[32mChannel[0m] sending token
I [2014-06-19 14:23:52.747] [[32mChannel[0m] #<Connection::1d1ac5468b028767e39b> unsubscribed from channel messages
I [2014-06-19 14:23:52.747] [[32mConnectionManager[0m] Connection closed: #<Connection::1d1ac5468b028767e39b>
I [2014-06-19 14:23:52.844] [[32mConnectionManager[0m] Connection opened: #<Connection::14e47b95974794e35ca3>
I [2014-06-19 14:23:52.864] [[32mChannel[0m] #<Connection::14e47b95974794e35ca3> subscribed to channel messages
I [2014-06-19 14:23:52.865] [[32mChannel[0m] sending token
I [2014-06-19 14:24:50.320] [[32mChannel[0m] #<Connection::14e47b95974794e35ca3> unsubscribed from channel messages
I [2014-06-19 14:24:50.320] [[32mConnectionManager[0m] Connection closed: #<Connection::14e47b95974794e35ca3>
I [2014-06-19 14:24:50.412] [[32mConnectionManager[0m] Connection opened: #<Connection::8eda87c528c22dccb49b>
I [2014-06-19 14:24:50.437] [[32mChannel[0m] #<Connection::8eda87c528c22dccb49b> subscribed to channel messages
I [2014-06-19 14:24:50.437] [[32mChannel[0m] sending token
I [2014-06-19 14:25:25.789] [[32mChannel[0m] #<Connection::8eda87c528c22dccb49b> unsubscribed from channel messages
I [2014-06-19 14:25:25.789] [[32mConnectionManager[0m] Connection closed: #<Connection::8eda87c528c22dccb49b>
I [2014-06-19 14:25:25.885] [[32mConnectionManager[0m] Connection opened: #<Connection::4896222207962bddd209>
I [2014-06-19 14:25:25.906] [[32mChannel[0m] #<Connection::4896222207962bddd209> subscribed to channel messages
I [2014-06-19 14:25:25.906] [[32mChannel[0m] sending token
I [2014-06-19 14:36:20.316] [[32mSynchronization[0m] Server Removed: ZWBLJVi0XlONUrs_54oShQ
I [2014-06-19 14:36:20.410] [[32mSynchronization[0m] Server Removed: ZWBLJVi0XlONUrs_54oShQ
I [2014-06-19 14:36:20.410] [[32mSynchronization[0m] Server Removed: ZWBLJVi0XlONUrs_54oShQ
I [2014-06-19 14:36:20.410] [[32mSynchronization[0m] Server Removed: ZWBLJVi0XlONUrs_54oShQ
I [2014-06-19 14:36:20.411] [[32mSynchronization[0m] Server Removed: ZWBLJVi0XlONUrs_54oShQ
I [2014-06-19 14:36:20.430] [[32mChannel[0m] #<Connection::4896222207962bddd209> unsubscribed from channel messages
I [2014-06-19 14:36:20.430] [[32mConnectionManager[0m] Connection closed: #<Connection::4896222207962bddd209>
I [2014-06-19 14:49:19.501] [[32mSynchronization[0m] Server Registered: GiE8RpaHZ93KtgQttY_9HQ
